{"name":"hexo","hostname":"Caixias-MacBook-Pro.local","pid":2930,"level":20,"msg":"Writing database to /Users/antonwang/Desktop/anton/blog/db.json","time":"2020-05-20T14:58:38.959Z","v":0}
{"name":"hexo","hostname":"Caixias-MacBook-Pro.local","pid":2930,"level":20,"msg":"Hexo version: \u001b[35m4.2.0\u001b[39m","time":"2020-05-20T14:58:38.974Z","v":0}
{"name":"hexo","hostname":"Caixias-MacBook-Pro.local","pid":2930,"level":20,"msg":"Working directory: \u001b[35m~/Desktop/anton/blog/\u001b[39m","time":"2020-05-20T14:58:38.974Z","v":0}
{"name":"hexo","hostname":"Caixias-MacBook-Pro.local","pid":2930,"level":20,"msg":"Config loaded: \u001b[35m~/Desktop/anton/blog/_config.yml\u001b[39m","time":"2020-05-20T14:58:39.109Z","v":0}
{"name":"hexo","hostname":"Caixias-MacBook-Pro.local","pid":2930,"level":20,"msg":"Plugin loaded: \u001b[35mhexo-deployer-git\u001b[39m","time":"2020-05-20T14:58:39.129Z","v":0}
{"name":"hexo","hostname":"Caixias-MacBook-Pro.local","pid":2930,"level":20,"msg":"Plugin loaded: \u001b[35mhexo-generator-category\u001b[39m","time":"2020-05-20T14:58:39.132Z","v":0}
{"name":"hexo","hostname":"Caixias-MacBook-Pro.local","pid":2930,"level":20,"msg":"Plugin loaded: \u001b[35mhexo-generator-json-content\u001b[39m","time":"2020-05-20T14:58:39.371Z","v":0}
{"name":"hexo","hostname":"Caixias-MacBook-Pro.local","pid":2930,"level":20,"msg":"Plugin loaded: \u001b[35mhexo-generator-tag\u001b[39m","time":"2020-05-20T14:58:39.372Z","v":0}
{"name":"hexo","hostname":"Caixias-MacBook-Pro.local","pid":2930,"level":20,"msg":"Plugin loaded: \u001b[35mhexo-generator-archive\u001b[39m","time":"2020-05-20T14:58:39.373Z","v":0}
{"name":"hexo","hostname":"Caixias-MacBook-Pro.local","pid":2930,"level":20,"msg":"Plugin loaded: \u001b[35mhexo-renderer-ejs\u001b[39m","time":"2020-05-20T14:58:39.377Z","v":0}
{"name":"hexo","hostname":"Caixias-MacBook-Pro.local","pid":2930,"level":20,"msg":"Plugin loaded: \u001b[35mhexo-generator-index\u001b[39m","time":"2020-05-20T14:58:39.378Z","v":0}
{"name":"hexo","hostname":"Caixias-MacBook-Pro.local","pid":2930,"level":20,"msg":"Plugin loaded: \u001b[35mhexo-renderer-marked\u001b[39m","time":"2020-05-20T14:58:39.437Z","v":0}
{"name":"hexo","hostname":"Caixias-MacBook-Pro.local","pid":2930,"level":20,"msg":"Plugin loaded: \u001b[35mhexo-renderer-stylus\u001b[39m","time":"2020-05-20T14:58:39.558Z","v":0}
{"name":"hexo","hostname":"Caixias-MacBook-Pro.local","pid":2930,"level":20,"msg":"Plugin loaded: \u001b[35mhexo-helper-live2d\u001b[39m","time":"2020-05-20T14:58:39.804Z","v":0}
{"name":"hexo","hostname":"Caixias-MacBook-Pro.local","pid":2930,"level":20,"msg":"Plugin loaded: \u001b[35mhexo-server\u001b[39m","time":"2020-05-20T14:58:39.935Z","v":0}
{"name":"hexo","hostname":"Caixias-MacBook-Pro.local","pid":2930,"level":20,"msg":"Script loaded: \u001b[35mthemes/volantis/scripts/events/index.js\u001b[39m","time":"2020-05-20T14:58:39.940Z","v":0}
{"name":"hexo","hostname":"Caixias-MacBook-Pro.local","pid":2930,"level":20,"msg":"Script loaded: \u001b[35mthemes/volantis/scripts/events/lib/config.js\u001b[39m","time":"2020-05-20T14:58:39.940Z","v":0}
{"name":"hexo","hostname":"Caixias-MacBook-Pro.local","pid":2930,"level":20,"msg":"Script loaded: \u001b[35mthemes/volantis/scripts/tags/btn.js\u001b[39m","time":"2020-05-20T14:58:39.940Z","v":0}
{"name":"hexo","hostname":"Caixias-MacBook-Pro.local","pid":2930,"level":20,"msg":"Script loaded: \u001b[35mthemes/volantis/scripts/tags/dropmenu.js\u001b[39m","time":"2020-05-20T14:58:39.941Z","v":0}
{"name":"hexo","hostname":"Caixias-MacBook-Pro.local","pid":2930,"level":20,"msg":"Script loaded: \u001b[35mthemes/volantis/scripts/tags/btns.js\u001b[39m","time":"2020-05-20T14:58:39.941Z","v":0}
{"name":"hexo","hostname":"Caixias-MacBook-Pro.local","pid":2930,"level":20,"msg":"Script loaded: \u001b[35mthemes/volantis/scripts/tags/checkbox.js\u001b[39m","time":"2020-05-20T14:58:39.941Z","v":0}
{"name":"hexo","hostname":"Caixias-MacBook-Pro.local","pid":2930,"level":20,"msg":"Script loaded: \u001b[35mthemes/volantis/scripts/tags/folding.js\u001b[39m","time":"2020-05-20T14:58:39.941Z","v":0}
{"name":"hexo","hostname":"Caixias-MacBook-Pro.local","pid":2930,"level":20,"msg":"Script loaded: \u001b[35mthemes/volantis/scripts/tags/fancybox.js\u001b[39m","time":"2020-05-20T14:58:39.942Z","v":0}
{"name":"hexo","hostname":"Caixias-MacBook-Pro.local","pid":2930,"level":20,"msg":"Script loaded: \u001b[35mthemes/volantis/scripts/tags/image.js\u001b[39m","time":"2020-05-20T14:58:39.942Z","v":0}
{"name":"hexo","hostname":"Caixias-MacBook-Pro.local","pid":2930,"level":20,"msg":"Script loaded: \u001b[35mthemes/volantis/scripts/tags/note.js\u001b[39m","time":"2020-05-20T14:58:39.942Z","v":0}
{"name":"hexo","hostname":"Caixias-MacBook-Pro.local","pid":2930,"level":20,"msg":"Script loaded: \u001b[35mthemes/volantis/scripts/tags/media.js\u001b[39m","time":"2020-05-20T14:58:39.943Z","v":0}
{"name":"hexo","hostname":"Caixias-MacBook-Pro.local","pid":2930,"level":20,"msg":"Script loaded: \u001b[35mthemes/volantis/scripts/tags/span.js\u001b[39m","time":"2020-05-20T14:58:39.943Z","v":0}
{"name":"hexo","hostname":"Caixias-MacBook-Pro.local","pid":2930,"level":20,"msg":"Script loaded: \u001b[35mthemes/volantis/scripts/tags/tabs.js\u001b[39m","time":"2020-05-20T14:58:39.943Z","v":0}
{"name":"hexo","hostname":"Caixias-MacBook-Pro.local","pid":2930,"level":20,"msg":"Loading database.","time":"2020-05-20T14:58:39.946Z","v":0}
{"name":"hexo","hostname":"Caixias-MacBook-Pro.local","pid":2930,"level":30,"msg":"Start processing","time":"2020-05-20T14:58:39.993Z","v":0}
{"name":"hexo","hostname":"Caixias-MacBook-Pro.local","pid":2930,"level":20,"msg":"Processed: \u001b[35mCNAME\u001b[39m","time":"2020-05-20T14:58:40.007Z","v":0}
{"name":"hexo","hostname":"Caixias-MacBook-Pro.local","pid":2930,"level":20,"msg":"Processed: \u001b[35mproject/index.md\u001b[39m","time":"2020-05-20T14:58:40.018Z","v":0}
{"name":"hexo","hostname":"Caixias-MacBook-Pro.local","pid":2930,"level":20,"msg":"Processed: \u001b[35m_posts/hello-world.md\u001b[39m","time":"2020-05-20T14:58:40.018Z","v":0}
{"name":"hexo","hostname":"Caixias-MacBook-Pro.local","pid":2930,"level":20,"msg":"Processed: \u001b[35m_posts/test.md\u001b[39m","time":"2020-05-20T14:58:40.018Z","v":0}
{"name":"hexo","hostname":"Caixias-MacBook-Pro.local","pid":2930,"level":20,"msg":"Processed: \u001b[35mtags/index.md\u001b[39m","time":"2020-05-20T14:58:40.023Z","v":0}
{"name":"hexo","hostname":"Caixias-MacBook-Pro.local","pid":2930,"level":20,"msg":"Processed: \u001b[35mdebug.log\u001b[39m","time":"2020-05-20T14:58:40.024Z","v":0}
{"name":"hexo","hostname":"Caixias-MacBook-Pro.local","pid":2930,"level":20,"msg":"Theme config loaded.","time":"2020-05-20T14:58:40.057Z","v":0}
{"name":"hexo","hostname":"Caixias-MacBook-Pro.local","pid":2930,"level":20,"msg":"Processed: \u001b[35msource/css/style.styl\u001b[39m","time":"2020-05-20T14:58:40.058Z","v":0}
{"name":"hexo","hostname":"Caixias-MacBook-Pro.local","pid":2930,"level":20,"msg":"Processed: \u001b[35m_config.yml\u001b[39m","time":"2020-05-20T14:58:40.058Z","v":0}
{"name":"hexo","hostname":"Caixias-MacBook-Pro.local","pid":2930,"level":20,"msg":"Processed: \u001b[35msource/img/algolia.svg\u001b[39m","time":"2020-05-20T14:58:40.058Z","v":0}
{"name":"hexo","hostname":"Caixias-MacBook-Pro.local","pid":2930,"level":20,"msg":"Processed: \u001b[35msource/img/azure.svg\u001b[39m","time":"2020-05-20T14:58:40.059Z","v":0}
{"name":"hexo","hostname":"Caixias-MacBook-Pro.local","pid":2930,"level":20,"msg":"Processed: \u001b[35msource/img/baidu.svg\u001b[39m","time":"2020-05-20T14:58:40.059Z","v":0}
{"name":"hexo","hostname":"Caixias-MacBook-Pro.local","pid":2930,"level":20,"msg":"Processed: \u001b[35msource/js/app.js\u001b[39m","time":"2020-05-20T14:58:40.059Z","v":0}
{"name":"hexo","hostname":"Caixias-MacBook-Pro.local","pid":2930,"level":20,"msg":"Processed: \u001b[35msource/js/search.js\u001b[39m","time":"2020-05-20T14:58:40.059Z","v":0}
{"name":"hexo","hostname":"Caixias-MacBook-Pro.local","pid":2930,"level":20,"msg":"Processed: \u001b[35msource/js/valine.js\u001b[39m","time":"2020-05-20T14:58:40.059Z","v":0}
{"name":"hexo","hostname":"Caixias-MacBook-Pro.local","pid":2930,"level":20,"msg":"Processed: \u001b[35msource/fonts/Monaco.ttf\u001b[39m","time":"2020-05-20T14:58:40.060Z","v":0}
{"name":"hexo","hostname":"Caixias-MacBook-Pro.local","pid":2930,"level":20,"msg":"Processed: \u001b[35msource/fonts/Skranji-Regular.ttf\u001b[39m","time":"2020-05-20T14:58:40.060Z","v":0}
{"name":"hexo","hostname":"Caixias-MacBook-Pro.local","pid":2930,"level":20,"msg":"Processed: \u001b[35msource/fonts/Ubuntu-Regular.ttf\u001b[39m","time":"2020-05-20T14:58:40.060Z","v":0}
{"name":"hexo","hostname":"Caixias-MacBook-Pro.local","pid":2930,"level":20,"msg":"Processed: \u001b[35mlayout/404.ejs\u001b[39m","time":"2020-05-20T14:58:40.074Z","v":0}
{"name":"hexo","hostname":"Caixias-MacBook-Pro.local","pid":2930,"level":20,"msg":"Processed: \u001b[35mlayout/_pre.ejs\u001b[39m","time":"2020-05-20T14:58:40.074Z","v":0}
{"name":"hexo","hostname":"Caixias-MacBook-Pro.local","pid":2930,"level":20,"msg":"Processed: \u001b[35mlayout/archive.ejs\u001b[39m","time":"2020-05-20T14:58:40.074Z","v":0}
{"name":"hexo","hostname":"Caixias-MacBook-Pro.local","pid":2930,"level":20,"msg":"Processed: \u001b[35mlayout/category.ejs\u001b[39m","time":"2020-05-20T14:58:40.074Z","v":0}
{"name":"hexo","hostname":"Caixias-MacBook-Pro.local","pid":2930,"level":20,"msg":"Processed: \u001b[35mlayout/layout.ejs\u001b[39m","time":"2020-05-20T14:58:40.074Z","v":0}
{"name":"hexo","hostname":"Caixias-MacBook-Pro.local","pid":2930,"level":20,"msg":"Processed: \u001b[35mlayout/index.ejs\u001b[39m","time":"2020-05-20T14:58:40.074Z","v":0}
{"name":"hexo","hostname":"Caixias-MacBook-Pro.local","pid":2930,"level":20,"msg":"Processed: \u001b[35mlayout/list.ejs\u001b[39m","time":"2020-05-20T14:58:40.075Z","v":0}
{"name":"hexo","hostname":"Caixias-MacBook-Pro.local","pid":2930,"level":20,"msg":"Processed: \u001b[35mlayout/page.ejs\u001b[39m","time":"2020-05-20T14:58:40.075Z","v":0}
{"name":"hexo","hostname":"Caixias-MacBook-Pro.local","pid":2930,"level":20,"msg":"Processed: \u001b[35mlayout/links.ejs\u001b[39m","time":"2020-05-20T14:58:40.075Z","v":0}
{"name":"hexo","hostname":"Caixias-MacBook-Pro.local","pid":2930,"level":20,"msg":"Processed: \u001b[35mlayout/tag.ejs\u001b[39m","time":"2020-05-20T14:58:40.075Z","v":0}
{"name":"hexo","hostname":"Caixias-MacBook-Pro.local","pid":2930,"level":20,"msg":"Processed: \u001b[35mlayout/.DS_Store\u001b[39m","time":"2020-05-20T14:58:40.075Z","v":0}
{"name":"hexo","hostname":"Caixias-MacBook-Pro.local","pid":2930,"level":20,"msg":"Processed: \u001b[35mlayout/post.ejs\u001b[39m","time":"2020-05-20T14:58:40.075Z","v":0}
{"name":"hexo","hostname":"Caixias-MacBook-Pro.local","pid":2930,"level":20,"msg":"Processed: \u001b[35m404.md\u001b[39m","time":"2020-05-20T14:58:40.080Z","v":0}
{"name":"hexo","hostname":"Caixias-MacBook-Pro.local","pid":2930,"level":20,"msg":"Processed: \u001b[35mlanguages/zh-CN.yml\u001b[39m","time":"2020-05-20T14:58:40.080Z","v":0}
{"name":"hexo","hostname":"Caixias-MacBook-Pro.local","pid":2930,"level":20,"msg":"Processed: \u001b[35mlanguages/zh-TW.yml\u001b[39m","time":"2020-05-20T14:58:40.080Z","v":0}
{"name":"hexo","hostname":"Caixias-MacBook-Pro.local","pid":2930,"level":20,"msg":"Processed: \u001b[35mlanguages/en.yml\u001b[39m","time":"2020-05-20T14:58:40.081Z","v":0}
{"name":"hexo","hostname":"Caixias-MacBook-Pro.local","pid":2930,"level":20,"msg":"Processed: \u001b[35mlayout/_meta/category.ejs\u001b[39m","time":"2020-05-20T14:58:40.100Z","v":0}
{"name":"hexo","hostname":"Caixias-MacBook-Pro.local","pid":2930,"level":20,"msg":"Processed: \u001b[35mlayout/_meta/btns.ejs\u001b[39m","time":"2020-05-20T14:58:40.100Z","v":0}
{"name":"hexo","hostname":"Caixias-MacBook-Pro.local","pid":2930,"level":20,"msg":"Processed: \u001b[35mlayout/_cover/index.ejs\u001b[39m","time":"2020-05-20T14:58:40.100Z","v":0}
{"name":"hexo","hostname":"Caixias-MacBook-Pro.local","pid":2930,"level":20,"msg":"Processed: \u001b[35mlayout/_meta/author.ejs\u001b[39m","time":"2020-05-20T14:58:40.100Z","v":0}
{"name":"hexo","hostname":"Caixias-MacBook-Pro.local","pid":2930,"level":20,"msg":"Processed: \u001b[35mlayout/_meta/counter.ejs\u001b[39m","time":"2020-05-20T14:58:40.100Z","v":0}
{"name":"hexo","hostname":"Caixias-MacBook-Pro.local","pid":2930,"level":20,"msg":"Processed: \u001b[35mlayout/_meta/date.ejs\u001b[39m","time":"2020-05-20T14:58:40.100Z","v":0}
{"name":"hexo","hostname":"Caixias-MacBook-Pro.local","pid":2930,"level":20,"msg":"Processed: \u001b[35mlayout/_meta/music.ejs\u001b[39m","time":"2020-05-20T14:58:40.100Z","v":0}
{"name":"hexo","hostname":"Caixias-MacBook-Pro.local","pid":2930,"level":20,"msg":"Processed: \u001b[35mlayout/_meta/tags.ejs\u001b[39m","time":"2020-05-20T14:58:40.100Z","v":0}
{"name":"hexo","hostname":"Caixias-MacBook-Pro.local","pid":2930,"level":20,"msg":"Processed: \u001b[35mlayout/_meta/thumbnail.ejs\u001b[39m","time":"2020-05-20T14:58:40.100Z","v":0}
{"name":"hexo","hostname":"Caixias-MacBook-Pro.local","pid":2930,"level":20,"msg":"Processed: \u001b[35mlayout/_meta/title.ejs\u001b[39m","time":"2020-05-20T14:58:40.100Z","v":0}
{"name":"hexo","hostname":"Caixias-MacBook-Pro.local","pid":2930,"level":20,"msg":"Processed: \u001b[35mlayout/_meta/updated.ejs\u001b[39m","time":"2020-05-20T14:58:40.100Z","v":0}
{"name":"hexo","hostname":"Caixias-MacBook-Pro.local","pid":2930,"level":20,"msg":"Processed: \u001b[35mlayout/_meta/top.ejs\u001b[39m","time":"2020-05-20T14:58:40.100Z","v":0}
{"name":"hexo","hostname":"Caixias-MacBook-Pro.local","pid":2930,"level":20,"msg":"Processed: \u001b[35mlayout/_meta/share.ejs\u001b[39m","time":"2020-05-20T14:58:40.100Z","v":0}
{"name":"hexo","hostname":"Caixias-MacBook-Pro.local","pid":2930,"level":20,"msg":"Processed: \u001b[35mlayout/_meta/wordcount.ejs\u001b[39m","time":"2020-05-20T14:58:40.100Z","v":0}
{"name":"hexo","hostname":"Caixias-MacBook-Pro.local","pid":2930,"level":20,"msg":"Processed: \u001b[35mlayout/_partial/article.ejs\u001b[39m","time":"2020-05-20T14:58:40.101Z","v":0}
{"name":"hexo","hostname":"Caixias-MacBook-Pro.local","pid":2930,"level":20,"msg":"Processed: \u001b[35mlayout/_partial/archive.ejs\u001b[39m","time":"2020-05-20T14:58:40.101Z","v":0}
{"name":"hexo","hostname":"Caixias-MacBook-Pro.local","pid":2930,"level":20,"msg":"Processed: \u001b[35mlayout/_partial/categories.ejs\u001b[39m","time":"2020-05-20T14:58:40.101Z","v":0}
{"name":"hexo","hostname":"Caixias-MacBook-Pro.local","pid":2930,"level":20,"msg":"Processed: \u001b[35mlayout/_partial/head.ejs\u001b[39m","time":"2020-05-20T14:58:40.101Z","v":0}
{"name":"hexo","hostname":"Caixias-MacBook-Pro.local","pid":2930,"level":20,"msg":"Processed: \u001b[35mlayout/_partial/footer.ejs\u001b[39m","time":"2020-05-20T14:58:40.101Z","v":0}
{"name":"hexo","hostname":"Caixias-MacBook-Pro.local","pid":2930,"level":20,"msg":"Processed: \u001b[35mlayout/_partial/cover.ejs\u001b[39m","time":"2020-05-20T14:58:40.101Z","v":0}
{"name":"hexo","hostname":"Caixias-MacBook-Pro.local","pid":2930,"level":20,"msg":"Processed: \u001b[35mlayout/_partial/meta.ejs\u001b[39m","time":"2020-05-20T14:58:40.101Z","v":0}
{"name":"hexo","hostname":"Caixias-MacBook-Pro.local","pid":2930,"level":20,"msg":"Processed: \u001b[35mlayout/_partial/header.ejs\u001b[39m","time":"2020-05-20T14:58:40.101Z","v":0}
{"name":"hexo","hostname":"Caixias-MacBook-Pro.local","pid":2930,"level":20,"msg":"Processed: \u001b[35mlayout/_partial/scripts.ejs\u001b[39m","time":"2020-05-20T14:58:40.101Z","v":0}
{"name":"hexo","hostname":"Caixias-MacBook-Pro.local","pid":2930,"level":20,"msg":"Processed: \u001b[35mlayout/_partial/post.ejs\u001b[39m","time":"2020-05-20T14:58:40.101Z","v":0}
{"name":"hexo","hostname":"Caixias-MacBook-Pro.local","pid":2930,"level":20,"msg":"Processed: \u001b[35mlayout/_partial/side.ejs\u001b[39m","time":"2020-05-20T14:58:40.101Z","v":0}
{"name":"hexo","hostname":"Caixias-MacBook-Pro.local","pid":2930,"level":20,"msg":"Processed: \u001b[35mlayout/_third-party/aplayer.ejs\u001b[39m","time":"2020-05-20T14:58:40.101Z","v":0}
{"name":"hexo","hostname":"Caixias-MacBook-Pro.local","pid":2930,"level":20,"msg":"Processed: \u001b[35mlayout/_third-party/comments.ejs\u001b[39m","time":"2020-05-20T14:58:40.101Z","v":0}
{"name":"hexo","hostname":"Caixias-MacBook-Pro.local","pid":2930,"level":20,"msg":"Processed: \u001b[35mlayout/_third-party/clipboard.ejs\u001b[39m","time":"2020-05-20T14:58:40.101Z","v":0}
{"name":"hexo","hostname":"Caixias-MacBook-Pro.local","pid":2930,"level":20,"msg":"Processed: \u001b[35mlayout/_third-party/mathjax.ejs\u001b[39m","time":"2020-05-20T14:58:40.101Z","v":0}
{"name":"hexo","hostname":"Caixias-MacBook-Pro.local","pid":2930,"level":20,"msg":"Processed: \u001b[35mlayout/_third-party/share.ejs\u001b[39m","time":"2020-05-20T14:58:40.101Z","v":0}
{"name":"hexo","hostname":"Caixias-MacBook-Pro.local","pid":2930,"level":20,"msg":"Processed: \u001b[35mlayout/_third-party/fancybox.ejs\u001b[39m","time":"2020-05-20T14:58:40.102Z","v":0}
{"name":"hexo","hostname":"Caixias-MacBook-Pro.local","pid":2930,"level":20,"msg":"Processed: \u001b[35mlayout/_widget/copyright.ejs\u001b[39m","time":"2020-05-20T14:58:40.102Z","v":0}
{"name":"hexo","hostname":"Caixias-MacBook-Pro.local","pid":2930,"level":20,"msg":"Processed: \u001b[35mlayout/_widget/_pre.ejs\u001b[39m","time":"2020-05-20T14:58:40.102Z","v":0}
{"name":"hexo","hostname":"Caixias-MacBook-Pro.local","pid":2930,"level":20,"msg":"Processed: \u001b[35mlayout/_widget/blogger.ejs\u001b[39m","time":"2020-05-20T14:58:40.102Z","v":0}
{"name":"hexo","hostname":"Caixias-MacBook-Pro.local","pid":2930,"level":20,"msg":"Processed: \u001b[35mlayout/_widget/category.ejs\u001b[39m","time":"2020-05-20T14:58:40.102Z","v":0}
{"name":"hexo","hostname":"Caixias-MacBook-Pro.local","pid":2930,"level":20,"msg":"Processed: \u001b[35mlayout/_widget/grid.ejs\u001b[39m","time":"2020-05-20T14:58:40.102Z","v":0}
{"name":"hexo","hostname":"Caixias-MacBook-Pro.local","pid":2930,"level":20,"msg":"Processed: \u001b[35mlayout/_widget/header.ejs\u001b[39m","time":"2020-05-20T14:58:40.102Z","v":0}
{"name":"hexo","hostname":"Caixias-MacBook-Pro.local","pid":2930,"level":20,"msg":"Processed: \u001b[35mlayout/_widget/group.ejs\u001b[39m","time":"2020-05-20T14:58:40.102Z","v":0}
{"name":"hexo","hostname":"Caixias-MacBook-Pro.local","pid":2930,"level":20,"msg":"Processed: \u001b[35mlayout/_widget/list.ejs\u001b[39m","time":"2020-05-20T14:58:40.102Z","v":0}
{"name":"hexo","hostname":"Caixias-MacBook-Pro.local","pid":2930,"level":20,"msg":"Processed: \u001b[35mlayout/_widget/load.ejs\u001b[39m","time":"2020-05-20T14:58:40.102Z","v":0}
{"name":"hexo","hostname":"Caixias-MacBook-Pro.local","pid":2930,"level":20,"msg":"Processed: \u001b[35mlayout/_widget/music.ejs\u001b[39m","time":"2020-05-20T14:58:40.102Z","v":0}
{"name":"hexo","hostname":"Caixias-MacBook-Pro.local","pid":2930,"level":20,"msg":"Processed: \u001b[35mlayout/_widget/page.ejs\u001b[39m","time":"2020-05-20T14:58:40.102Z","v":0}
{"name":"hexo","hostname":"Caixias-MacBook-Pro.local","pid":2930,"level":20,"msg":"Processed: \u001b[35mlayout/_widget/references.ejs\u001b[39m","time":"2020-05-20T14:58:40.102Z","v":0}
{"name":"hexo","hostname":"Caixias-MacBook-Pro.local","pid":2930,"level":20,"msg":"Processed: \u001b[35mlayout/_widget/tagcloud.ejs\u001b[39m","time":"2020-05-20T14:58:40.102Z","v":0}
{"name":"hexo","hostname":"Caixias-MacBook-Pro.local","pid":2930,"level":20,"msg":"Processed: \u001b[35mlayout/_widget/qrcode.ejs\u001b[39m","time":"2020-05-20T14:58:40.102Z","v":0}
{"name":"hexo","hostname":"Caixias-MacBook-Pro.local","pid":2930,"level":20,"msg":"Processed: \u001b[35mlayout/_widget/toc.ejs\u001b[39m","time":"2020-05-20T14:58:40.102Z","v":0}
{"name":"hexo","hostname":"Caixias-MacBook-Pro.local","pid":2930,"level":20,"msg":"Processed: \u001b[35mlayout/_widget/related_posts.ejs\u001b[39m","time":"2020-05-20T14:58:40.102Z","v":0}
{"name":"hexo","hostname":"Caixias-MacBook-Pro.local","pid":2930,"level":20,"msg":"Processed: \u001b[35mlayout/_widget/text.ejs\u001b[39m","time":"2020-05-20T14:58:40.102Z","v":0}
{"name":"hexo","hostname":"Caixias-MacBook-Pro.local","pid":2930,"level":20,"msg":"Processed: \u001b[35mcategories/index.md\u001b[39m","time":"2020-05-20T14:58:40.107Z","v":0}
{"name":"hexo","hostname":"Caixias-MacBook-Pro.local","pid":2930,"level":20,"msg":"Processed: \u001b[35m_posts/test1.md\u001b[39m","time":"2020-05-20T14:58:40.108Z","v":0}
{"name":"hexo","hostname":"Caixias-MacBook-Pro.local","pid":2930,"level":20,"msg":"Processed: \u001b[35m_posts/test2.md\u001b[39m","time":"2020-05-20T14:58:40.108Z","v":0}
{"name":"hexo","hostname":"Caixias-MacBook-Pro.local","pid":2930,"level":20,"msg":"Processed: \u001b[35m_posts/test5.md\u001b[39m","time":"2020-05-20T14:58:40.108Z","v":0}
{"name":"hexo","hostname":"Caixias-MacBook-Pro.local","pid":2930,"level":20,"msg":"Processed: \u001b[35m_posts/test6.md\u001b[39m","time":"2020-05-20T14:58:40.108Z","v":0}
{"name":"hexo","hostname":"Caixias-MacBook-Pro.local","pid":2930,"level":20,"msg":"Processed: \u001b[35m_posts/test7.md\u001b[39m","time":"2020-05-20T14:58:40.108Z","v":0}
{"name":"hexo","hostname":"Caixias-MacBook-Pro.local","pid":2930,"level":20,"msg":"Processed: \u001b[35m_posts/test8.md\u001b[39m","time":"2020-05-20T14:58:40.108Z","v":0}
{"name":"hexo","hostname":"Caixias-MacBook-Pro.local","pid":2930,"level":20,"msg":"Processed: \u001b[35m_posts/test9.md\u001b[39m","time":"2020-05-20T14:58:40.108Z","v":0}
{"name":"hexo","hostname":"Caixias-MacBook-Pro.local","pid":2930,"level":20,"msg":"Processed: \u001b[35mcode/index.md\u001b[39m","time":"2020-05-20T14:58:40.108Z","v":0}
{"name":"hexo","hostname":"Caixias-MacBook-Pro.local","pid":2930,"level":20,"msg":"Processed: \u001b[35msource/css/_layout/article.styl\u001b[39m","time":"2020-05-20T14:58:40.112Z","v":0}
{"name":"hexo","hostname":"Caixias-MacBook-Pro.local","pid":2930,"level":20,"msg":"Processed: \u001b[35msource/css/_layout/archive.styl\u001b[39m","time":"2020-05-20T14:58:40.113Z","v":0}
{"name":"hexo","hostname":"Caixias-MacBook-Pro.local","pid":2930,"level":20,"msg":"Processed: \u001b[35msource/css/_layout/friends.styl\u001b[39m","time":"2020-05-20T14:58:40.113Z","v":0}
{"name":"hexo","hostname":"Caixias-MacBook-Pro.local","pid":2930,"level":20,"msg":"Processed: \u001b[35msource/css/_layout/pagination.styl\u001b[39m","time":"2020-05-20T14:58:40.113Z","v":0}
{"name":"hexo","hostname":"Caixias-MacBook-Pro.local","pid":2930,"level":20,"msg":"Processed: \u001b[35msource/css/_layout/search.styl\u001b[39m","time":"2020-05-20T14:58:40.113Z","v":0}
{"name":"hexo","hostname":"Caixias-MacBook-Pro.local","pid":2930,"level":20,"msg":"Processed: \u001b[35msource/css/_layout/navbar.styl\u001b[39m","time":"2020-05-20T14:58:40.113Z","v":0}
{"name":"hexo","hostname":"Caixias-MacBook-Pro.local","pid":2930,"level":20,"msg":"Processed: \u001b[35msource/css/_layout/main.styl\u001b[39m","time":"2020-05-20T14:58:40.113Z","v":0}
{"name":"hexo","hostname":"Caixias-MacBook-Pro.local","pid":2930,"level":20,"msg":"Processed: \u001b[35msource/css/_layout/toc.styl\u001b[39m","time":"2020-05-20T14:58:40.113Z","v":0}
{"name":"hexo","hostname":"Caixias-MacBook-Pro.local","pid":2930,"level":20,"msg":"Processed: \u001b[35msource/css/_layout/sidebar.styl\u001b[39m","time":"2020-05-20T14:58:40.113Z","v":0}
{"name":"hexo","hostname":"Caixias-MacBook-Pro.local","pid":2930,"level":20,"msg":"Processed: \u001b[35msource/css/_layout/cover.styl\u001b[39m","time":"2020-05-20T14:58:40.113Z","v":0}
{"name":"hexo","hostname":"Caixias-MacBook-Pro.local","pid":2930,"level":20,"msg":"Processed: \u001b[35msource/css/_layout/footer.styl\u001b[39m","time":"2020-05-20T14:58:40.113Z","v":0}
{"name":"hexo","hostname":"Caixias-MacBook-Pro.local","pid":2930,"level":20,"msg":"Rendering post: \u001b[35m/Users/antonwang/Desktop/anton/blog/source/categories/index.md\u001b[39m","time":"2020-05-20T14:58:40.134Z","v":0}
{"name":"hexo","hostname":"Caixias-MacBook-Pro.local","pid":2930,"level":20,"msg":"Rendering post: \u001b[35m/Users/antonwang/Desktop/anton/blog/source/404.md\u001b[39m","time":"2020-05-20T14:58:40.134Z","v":0}
{"name":"hexo","hostname":"Caixias-MacBook-Pro.local","pid":2930,"level":20,"msg":"Generator: \u001b[35mpage\u001b[39m","time":"2020-05-20T14:58:40.159Z","v":0}
{"name":"hexo","hostname":"Caixias-MacBook-Pro.local","pid":2930,"level":20,"msg":"Generator: \u001b[35mpost\u001b[39m","time":"2020-05-20T14:58:40.160Z","v":0}
{"name":"hexo","hostname":"Caixias-MacBook-Pro.local","pid":2930,"level":20,"msg":"Generator: \u001b[35mcategory\u001b[39m","time":"2020-05-20T14:58:40.160Z","v":0}
{"name":"hexo","hostname":"Caixias-MacBook-Pro.local","pid":2930,"level":20,"msg":"Generator: \u001b[35mjson-content\u001b[39m","time":"2020-05-20T14:58:40.160Z","v":0}
{"name":"hexo","hostname":"Caixias-MacBook-Pro.local","pid":2930,"level":20,"msg":"Generator: \u001b[35mtag\u001b[39m","time":"2020-05-20T14:58:40.160Z","v":0}
{"name":"hexo","hostname":"Caixias-MacBook-Pro.local","pid":2930,"level":20,"msg":"Generator: \u001b[35marchive\u001b[39m","time":"2020-05-20T14:58:40.160Z","v":0}
{"name":"hexo","hostname":"Caixias-MacBook-Pro.local","pid":2930,"level":20,"msg":"Generator: \u001b[35mindex\u001b[39m","time":"2020-05-20T14:58:40.160Z","v":0}
{"name":"hexo","hostname":"Caixias-MacBook-Pro.local","pid":2930,"level":20,"msg":"Generator: \u001b[35mlive2d\u001b[39m","time":"2020-05-20T14:58:40.160Z","v":0}
{"name":"hexo","hostname":"Caixias-MacBook-Pro.local","pid":2930,"level":20,"msg":"Generator: \u001b[35masset\u001b[39m","time":"2020-05-20T14:58:40.162Z","v":0}
{"name":"hexo","hostname":"Caixias-MacBook-Pro.local","pid":2930,"level":30,"msg":"Hexo is running at \u001b[4mhttp://localhost:4000\u001b[24m . Press Ctrl+C to stop.","time":"2020-05-20T14:58:40.171Z","v":0}
{"name":"hexo","hostname":"Caixias-MacBook-Pro.local","pid":2930,"level":20,"msg":"Database saved","time":"2020-05-20T14:58:40.178Z","v":0}
{"name":"hexo","hostname":"Caixias-MacBook-Pro.local","pid":2930,"level":20,"msg":"Rendering HTML index: \u001b[35mindex.html\u001b[39m","time":"2020-05-20T14:58:44.271Z","v":0}
{"name":"hexo","hostname":"Caixias-MacBook-Pro.local","pid":2930,"level":20,"msg":"Rendering HTML category: \u001b[35mcategories/index.html\u001b[39m","time":"2020-05-20T14:59:06.355Z","v":0}
{"name":"hexo","hostname":"Caixias-MacBook-Pro.local","pid":2930,"level":20,"msg":"Processed: \u001b[35mdebug.log\u001b[39m","time":"2020-05-20T14:59:20.378Z","v":0}
{"name":"hexo","hostname":"Caixias-MacBook-Pro.local","pid":2930,"level":20,"msg":"Processed: \u001b[35mtags/index.md\u001b[39m","time":"2020-05-20T14:59:20.382Z","v":0}
{"name":"hexo","hostname":"Caixias-MacBook-Pro.local","pid":2930,"level":20,"msg":"Rendering post: \u001b[35m/Users/antonwang/Desktop/anton/blog/source/tags/index.md\u001b[39m","time":"2020-05-20T14:59:20.486Z","v":0}
{"name":"hexo","hostname":"Caixias-MacBook-Pro.local","pid":2930,"level":20,"msg":"Generator: \u001b[35mpage\u001b[39m","time":"2020-05-20T14:59:20.504Z","v":0}
{"name":"hexo","hostname":"Caixias-MacBook-Pro.local","pid":2930,"level":20,"msg":"Generator: \u001b[35mpost\u001b[39m","time":"2020-05-20T14:59:20.504Z","v":0}
{"name":"hexo","hostname":"Caixias-MacBook-Pro.local","pid":2930,"level":20,"msg":"Generator: \u001b[35mcategory\u001b[39m","time":"2020-05-20T14:59:20.504Z","v":0}
{"name":"hexo","hostname":"Caixias-MacBook-Pro.local","pid":2930,"level":20,"msg":"Generator: \u001b[35mjson-content\u001b[39m","time":"2020-05-20T14:59:20.504Z","v":0}
{"name":"hexo","hostname":"Caixias-MacBook-Pro.local","pid":2930,"level":20,"msg":"Generator: \u001b[35mtag\u001b[39m","time":"2020-05-20T14:59:20.504Z","v":0}
{"name":"hexo","hostname":"Caixias-MacBook-Pro.local","pid":2930,"level":20,"msg":"Generator: \u001b[35marchive\u001b[39m","time":"2020-05-20T14:59:20.504Z","v":0}
{"name":"hexo","hostname":"Caixias-MacBook-Pro.local","pid":2930,"level":20,"msg":"Generator: \u001b[35mindex\u001b[39m","time":"2020-05-20T14:59:20.504Z","v":0}
{"name":"hexo","hostname":"Caixias-MacBook-Pro.local","pid":2930,"level":20,"msg":"Generator: \u001b[35mlive2d\u001b[39m","time":"2020-05-20T14:59:20.505Z","v":0}
{"name":"hexo","hostname":"Caixias-MacBook-Pro.local","pid":2930,"level":20,"msg":"Generator: \u001b[35masset\u001b[39m","time":"2020-05-20T14:59:20.507Z","v":0}
{"name":"hexo","hostname":"Caixias-MacBook-Pro.local","pid":2930,"level":20,"msg":"Processed: \u001b[35mtags/index.md\u001b[39m","time":"2020-05-20T14:59:36.205Z","v":0}
{"name":"hexo","hostname":"Caixias-MacBook-Pro.local","pid":2930,"level":20,"msg":"Rendering post: \u001b[35m/Users/antonwang/Desktop/anton/blog/source/tags/index.md\u001b[39m","time":"2020-05-20T14:59:36.314Z","v":0}
{"name":"hexo","hostname":"Caixias-MacBook-Pro.local","pid":2930,"level":20,"msg":"Generator: \u001b[35mpage\u001b[39m","time":"2020-05-20T14:59:36.326Z","v":0}
{"name":"hexo","hostname":"Caixias-MacBook-Pro.local","pid":2930,"level":20,"msg":"Generator: \u001b[35mpost\u001b[39m","time":"2020-05-20T14:59:36.327Z","v":0}
{"name":"hexo","hostname":"Caixias-MacBook-Pro.local","pid":2930,"level":20,"msg":"Generator: \u001b[35mcategory\u001b[39m","time":"2020-05-20T14:59:36.327Z","v":0}
{"name":"hexo","hostname":"Caixias-MacBook-Pro.local","pid":2930,"level":20,"msg":"Generator: \u001b[35mjson-content\u001b[39m","time":"2020-05-20T14:59:36.327Z","v":0}
{"name":"hexo","hostname":"Caixias-MacBook-Pro.local","pid":2930,"level":20,"msg":"Generator: \u001b[35mtag\u001b[39m","time":"2020-05-20T14:59:36.327Z","v":0}
{"name":"hexo","hostname":"Caixias-MacBook-Pro.local","pid":2930,"level":20,"msg":"Generator: \u001b[35marchive\u001b[39m","time":"2020-05-20T14:59:36.327Z","v":0}
{"name":"hexo","hostname":"Caixias-MacBook-Pro.local","pid":2930,"level":20,"msg":"Generator: \u001b[35mindex\u001b[39m","time":"2020-05-20T14:59:36.327Z","v":0}
{"name":"hexo","hostname":"Caixias-MacBook-Pro.local","pid":2930,"level":20,"msg":"Generator: \u001b[35mlive2d\u001b[39m","time":"2020-05-20T14:59:36.327Z","v":0}
{"name":"hexo","hostname":"Caixias-MacBook-Pro.local","pid":2930,"level":20,"msg":"Generator: \u001b[35masset\u001b[39m","time":"2020-05-20T14:59:36.328Z","v":0}
{"name":"hexo","hostname":"Caixias-MacBook-Pro.local","pid":2930,"level":20,"msg":"Processed: \u001b[35mproject/index.md\u001b[39m","time":"2020-05-20T14:59:45.822Z","v":0}
{"name":"hexo","hostname":"Caixias-MacBook-Pro.local","pid":2930,"level":20,"msg":"Rendering post: \u001b[35m/Users/antonwang/Desktop/anton/blog/source/project/index.md\u001b[39m","time":"2020-05-20T14:59:45.925Z","v":0}
{"name":"hexo","hostname":"Caixias-MacBook-Pro.local","pid":2930,"level":20,"msg":"Generator: \u001b[35mpage\u001b[39m","time":"2020-05-20T14:59:45.934Z","v":0}
{"name":"hexo","hostname":"Caixias-MacBook-Pro.local","pid":2930,"level":20,"msg":"Generator: \u001b[35mpost\u001b[39m","time":"2020-05-20T14:59:45.935Z","v":0}
{"name":"hexo","hostname":"Caixias-MacBook-Pro.local","pid":2930,"level":20,"msg":"Generator: \u001b[35mcategory\u001b[39m","time":"2020-05-20T14:59:45.935Z","v":0}
{"name":"hexo","hostname":"Caixias-MacBook-Pro.local","pid":2930,"level":20,"msg":"Generator: \u001b[35mjson-content\u001b[39m","time":"2020-05-20T14:59:45.935Z","v":0}
{"name":"hexo","hostname":"Caixias-MacBook-Pro.local","pid":2930,"level":20,"msg":"Generator: \u001b[35mtag\u001b[39m","time":"2020-05-20T14:59:45.935Z","v":0}
{"name":"hexo","hostname":"Caixias-MacBook-Pro.local","pid":2930,"level":20,"msg":"Generator: \u001b[35marchive\u001b[39m","time":"2020-05-20T14:59:45.935Z","v":0}
{"name":"hexo","hostname":"Caixias-MacBook-Pro.local","pid":2930,"level":20,"msg":"Generator: \u001b[35mindex\u001b[39m","time":"2020-05-20T14:59:45.935Z","v":0}
{"name":"hexo","hostname":"Caixias-MacBook-Pro.local","pid":2930,"level":20,"msg":"Generator: \u001b[35mlive2d\u001b[39m","time":"2020-05-20T14:59:45.935Z","v":0}
{"name":"hexo","hostname":"Caixias-MacBook-Pro.local","pid":2930,"level":20,"msg":"Generator: \u001b[35masset\u001b[39m","time":"2020-05-20T14:59:45.936Z","v":0}
{"name":"hexo","hostname":"Caixias-MacBook-Pro.local","pid":2930,"level":20,"msg":"Processed: \u001b[35mproject/index.md\u001b[39m","time":"2020-05-20T15:00:21.022Z","v":0}
{"name":"hexo","hostname":"Caixias-MacBook-Pro.local","pid":2930,"level":20,"msg":"Rendering post: \u001b[35m/Users/antonwang/Desktop/anton/blog/source/project/index.md\u001b[39m","time":"2020-05-20T15:00:21.128Z","v":0}
{"name":"hexo","hostname":"Caixias-MacBook-Pro.local","pid":2930,"level":20,"msg":"Generator: \u001b[35mpage\u001b[39m","time":"2020-05-20T15:00:21.136Z","v":0}
{"name":"hexo","hostname":"Caixias-MacBook-Pro.local","pid":2930,"level":20,"msg":"Generator: \u001b[35mpost\u001b[39m","time":"2020-05-20T15:00:21.136Z","v":0}
{"name":"hexo","hostname":"Caixias-MacBook-Pro.local","pid":2930,"level":20,"msg":"Generator: \u001b[35mcategory\u001b[39m","time":"2020-05-20T15:00:21.136Z","v":0}
{"name":"hexo","hostname":"Caixias-MacBook-Pro.local","pid":2930,"level":20,"msg":"Generator: \u001b[35mjson-content\u001b[39m","time":"2020-05-20T15:00:21.136Z","v":0}
{"name":"hexo","hostname":"Caixias-MacBook-Pro.local","pid":2930,"level":20,"msg":"Generator: \u001b[35mtag\u001b[39m","time":"2020-05-20T15:00:21.136Z","v":0}
{"name":"hexo","hostname":"Caixias-MacBook-Pro.local","pid":2930,"level":20,"msg":"Generator: \u001b[35marchive\u001b[39m","time":"2020-05-20T15:00:21.136Z","v":0}
{"name":"hexo","hostname":"Caixias-MacBook-Pro.local","pid":2930,"level":20,"msg":"Generator: \u001b[35mindex\u001b[39m","time":"2020-05-20T15:00:21.136Z","v":0}
{"name":"hexo","hostname":"Caixias-MacBook-Pro.local","pid":2930,"level":20,"msg":"Generator: \u001b[35mlive2d\u001b[39m","time":"2020-05-20T15:00:21.136Z","v":0}
{"name":"hexo","hostname":"Caixias-MacBook-Pro.local","pid":2930,"level":20,"msg":"Generator: \u001b[35masset\u001b[39m","time":"2020-05-20T15:00:21.138Z","v":0}
{"name":"hexo","hostname":"Caixias-MacBook-Pro.local","pid":2930,"level":20,"msg":"Rendering HTML category: \u001b[35mcategories/index.html\u001b[39m","time":"2020-05-20T15:01:10.342Z","v":0}
{"name":"hexo","hostname":"Caixias-MacBook-Pro.local","pid":2930,"level":20,"msg":"Theme config loaded.","time":"2020-05-20T15:05:58.963Z","v":0}
{"name":"hexo","hostname":"Caixias-MacBook-Pro.local","pid":2930,"level":20,"msg":"Processed: \u001b[35m_config.yml\u001b[39m","time":"2020-05-20T15:05:58.964Z","v":0}
{"name":"hexo","hostname":"Caixias-MacBook-Pro.local","pid":2930,"level":20,"msg":"Generator: \u001b[35mpage\u001b[39m","time":"2020-05-20T15:05:59.077Z","v":0}
{"name":"hexo","hostname":"Caixias-MacBook-Pro.local","pid":2930,"level":20,"msg":"Generator: \u001b[35mpost\u001b[39m","time":"2020-05-20T15:05:59.077Z","v":0}
{"name":"hexo","hostname":"Caixias-MacBook-Pro.local","pid":2930,"level":20,"msg":"Generator: \u001b[35mcategory\u001b[39m","time":"2020-05-20T15:05:59.077Z","v":0}
{"name":"hexo","hostname":"Caixias-MacBook-Pro.local","pid":2930,"level":20,"msg":"Generator: \u001b[35mjson-content\u001b[39m","time":"2020-05-20T15:05:59.077Z","v":0}
{"name":"hexo","hostname":"Caixias-MacBook-Pro.local","pid":2930,"level":20,"msg":"Generator: \u001b[35mtag\u001b[39m","time":"2020-05-20T15:05:59.077Z","v":0}
{"name":"hexo","hostname":"Caixias-MacBook-Pro.local","pid":2930,"level":20,"msg":"Generator: \u001b[35marchive\u001b[39m","time":"2020-05-20T15:05:59.077Z","v":0}
{"name":"hexo","hostname":"Caixias-MacBook-Pro.local","pid":2930,"level":20,"msg":"Generator: \u001b[35mindex\u001b[39m","time":"2020-05-20T15:05:59.077Z","v":0}
{"name":"hexo","hostname":"Caixias-MacBook-Pro.local","pid":2930,"level":20,"msg":"Generator: \u001b[35mlive2d\u001b[39m","time":"2020-05-20T15:05:59.077Z","v":0}
{"name":"hexo","hostname":"Caixias-MacBook-Pro.local","pid":2930,"level":20,"msg":"Generator: \u001b[35masset\u001b[39m","time":"2020-05-20T15:05:59.078Z","v":0}
{"name":"hexo","hostname":"Caixias-MacBook-Pro.local","pid":2930,"level":20,"msg":"Rendering HTML index: \u001b[35mindex.html\u001b[39m","time":"2020-05-20T15:06:04.809Z","v":0}
{"name":"hexo","hostname":"Caixias-MacBook-Pro.local","pid":2930,"level":20,"msg":"Rendering HTML category: \u001b[35mcategories/index.html\u001b[39m","time":"2020-05-20T15:06:07.054Z","v":0}
{"name":"hexo","hostname":"Caixias-MacBook-Pro.local","pid":2930,"level":20,"msg":"Rendering HTML index: \u001b[35mindex.html\u001b[39m","time":"2020-05-20T15:06:08.023Z","v":0}
{"name":"hexo","hostname":"Caixias-MacBook-Pro.local","pid":2930,"level":20,"msg":"Rendering HTML post: \u001b[35m2020/05/10/test/index.html\u001b[39m","time":"2020-05-20T15:06:28.219Z","v":0}
{"name":"hexo","hostname":"Caixias-MacBook-Pro.local","pid":2930,"level":20,"msg":"Theme config loaded.","time":"2020-05-20T15:06:41.297Z","v":0}
{"name":"hexo","hostname":"Caixias-MacBook-Pro.local","pid":2930,"level":20,"msg":"Processed: \u001b[35m_config.yml\u001b[39m","time":"2020-05-20T15:06:41.298Z","v":0}
{"name":"hexo","hostname":"Caixias-MacBook-Pro.local","pid":2930,"level":20,"msg":"Generator: \u001b[35mpage\u001b[39m","time":"2020-05-20T15:06:41.412Z","v":0}
{"name":"hexo","hostname":"Caixias-MacBook-Pro.local","pid":2930,"level":20,"msg":"Generator: \u001b[35mpost\u001b[39m","time":"2020-05-20T15:06:41.412Z","v":0}
{"name":"hexo","hostname":"Caixias-MacBook-Pro.local","pid":2930,"level":20,"msg":"Generator: \u001b[35mcategory\u001b[39m","time":"2020-05-20T15:06:41.412Z","v":0}
{"name":"hexo","hostname":"Caixias-MacBook-Pro.local","pid":2930,"level":20,"msg":"Generator: \u001b[35mjson-content\u001b[39m","time":"2020-05-20T15:06:41.412Z","v":0}
{"name":"hexo","hostname":"Caixias-MacBook-Pro.local","pid":2930,"level":20,"msg":"Generator: \u001b[35mtag\u001b[39m","time":"2020-05-20T15:06:41.412Z","v":0}
{"name":"hexo","hostname":"Caixias-MacBook-Pro.local","pid":2930,"level":20,"msg":"Generator: \u001b[35marchive\u001b[39m","time":"2020-05-20T15:06:41.412Z","v":0}
{"name":"hexo","hostname":"Caixias-MacBook-Pro.local","pid":2930,"level":20,"msg":"Generator: \u001b[35mindex\u001b[39m","time":"2020-05-20T15:06:41.412Z","v":0}
{"name":"hexo","hostname":"Caixias-MacBook-Pro.local","pid":2930,"level":20,"msg":"Generator: \u001b[35mlive2d\u001b[39m","time":"2020-05-20T15:06:41.412Z","v":0}
{"name":"hexo","hostname":"Caixias-MacBook-Pro.local","pid":2930,"level":20,"msg":"Generator: \u001b[35masset\u001b[39m","time":"2020-05-20T15:06:41.413Z","v":0}
{"name":"hexo","hostname":"Caixias-MacBook-Pro.local","pid":2930,"level":30,"msg":"Farewell","time":"2020-05-20T15:06:52.227Z","v":0}
{"name":"hexo","hostname":"Caixias-MacBook-Pro.local","pid":2930,"level":20,"msg":"Database saved","time":"2020-05-20T15:06:52.238Z","v":0}
